<?xml version="1.0" encoding="UTF-8"?><testsuite errors="0" failures="1" name="As an Inlaze user I want to register my account on the platform and access with my credentials" skipped="0" tests="1" time="9.67" timestamp="2024-12-18 04:47:54"><testcase name="User registration"><failure message="The system allows you to create the account with a single name expected:&lt;true&gt; but was:&lt;null&gt;" type="java.lang.AssertionError">The system allows you to create the account with a single name expected:&lt;true&gt; but was:&lt;null&gt;</failure><system-err>The system allows you to create the account with a single name expected:&lt;true&gt; but was:&lt;null&gt;&#13;
steps.login.SingUpSteps.validateEmail(SingUpSteps.java:34)&#13;
steps.login.SingUpSteps.validateFields(SingUpSteps.java:21)&#13;
defintions.login.SignUpDefinitions.completeTheRegistrationForm(SignUpDefinitions.java:12)&#13;
✽.complete the registration form "Register Test" registerTest@gmail.com Colombia2024.(src/test/resources/features/Login.feature:6)&#13;
</system-err></testcase></testsuite>