<?xml version="1.0" encoding="UTF-8"?><testsuite errors="1" failures="0" name="Como usuario de Youtube quiero ingresar al aplicativo para realizar difentes tipos de busqueda" skipped="0" tests="1" time="7.7" timestamp="2024-12-17 11:19:58"><testcase name="Busqueda de video en Youtube"><error message="no such element: Unable to locate element: {&quot;method&quot;:&quot;xpath&quot;,&quot;selector&quot;:&quot;//input[@id='search']&quot;}&#10;  (Session info: chrome=131.0.6778.109)&#10;For documentation on this error, please visit: https://www.seleniumhq.org/exceptions/no_such_element.html&#10;Build info: version: '3.141.59', revision: 'e82be7d358', time: '2018-11-14T08:17:03'&#10;System info: host: 'BOG-94Q5TQ3', ip: '192.168.10.23', os.name: 'Windows 10', os.arch: 'amd64', os.version: '10.0', java.version: '11.0.19'&#10;Driver info: org.openqa.selenium.chrome.ChromeDriver&#10;Capabilities {acceptInsecureCerts: false, browserName: chrome, browserVersion: 131.0.6778.109, chrome: {chromedriverVersion: 131.0.6778.108 (3b014839fbc..., userDataDir: C:\Users\cescobas\AppData\L...}, fedcm:accounts: true, goog:chromeOptions: {debuggerAddress: localhost:58793}, javascriptEnabled: true, networkConnectionEnabled: false, pageLoadStrategy: normal, platform: WINDOWS, platformName: WINDOWS, proxy: Proxy(), setWindowRect: true, strictFileInteractability: false, timeouts: {implicit: 0, pageLoad: 300000, script: 30000}, unhandledPromptBehavior: dismiss and notify, webauthn:extension:credBlob: true, webauthn:extension:largeBlob: true, webauthn:extension:minPinLength: true, webauthn:extension:prf: true, webauthn:virtualAuthenticators: true}&#10;Session ID: 71117da0e651ca716c161d8f1a12de40&#10;*** Element info: {Using=xpath, value=//input[@id='search']}&#10;For documentation on this error, please visit: https://www.seleniumhq.org/exceptions/no_such_element.html&#10;Build info: version: '3.141.59', revision: 'e82be7d358', time: '2018-11-14T08:17:03'&#10;System info: host: 'BOG-94Q5TQ3', ip: '192.168.10.23', os.name: 'Windows 10', os.arch: 'amd64', os.version: '10.0', java.version: '11.0.19'&#10;Driver info: driver.version: unknown" type="org.openqa.selenium.NoSuchElementException">no such element: Unable to locate element: {"method":"xpath","selector":"//input[@id='search']"}
  (Session info: chrome=131.0.6778.109)
For documentation on this error, please visit: https://www.seleniumhq.org/exceptions/no_such_element.html
Build info: version: '3.141.59', revision: 'e82be7d358', time: '2018-11-14T08:17:03'
System info: host: 'BOG-94Q5TQ3', ip: '192.168.10.23', os.name: 'Windows 10', os.arch: 'amd64', os.version: '10.0', java.version: '11.0.19'
Driver info: org.openqa.selenium.chrome.ChromeDriver
Capabilities {acceptInsecureCerts: false, browserName: chrome, browserVersion: 131.0.6778.109, chrome: {chromedriverVersion: 131.0.6778.108 (3b014839fbc..., userDataDir: C:\Users\cescobas\AppData\L...}, fedcm:accounts: true, goog:chromeOptions: {debuggerAddress: localhost:58793}, javascriptEnabled: true, networkConnectionEnabled: false, pageLoadStrategy: normal, platform: WINDOWS, platformName: WINDOWS, proxy: Proxy(), setWindowRect: true, strictFileInteractability: false, timeouts: {implicit: 0, pageLoad: 300000, script: 30000}, unhandledPromptBehavior: dismiss and notify, webauthn:extension:credBlob: true, webauthn:extension:largeBlob: true, webauthn:extension:minPinLength: true, webauthn:extension:prf: true, webauthn:virtualAuthenticators: true}
Session ID: 71117da0e651ca716c161d8f1a12de40
*** Element info: {Using=xpath, value=//input[@id='search']}
For documentation on this error, please visit: https://www.seleniumhq.org/exceptions/no_such_element.html
Build info: version: '3.141.59', revision: 'e82be7d358', time: '2018-11-14T08:17:03'
System info: host: 'BOG-94Q5TQ3', ip: '192.168.10.23', os.name: 'Windows 10', os.arch: 'amd64', os.version: '10.0', java.version: '11.0.19'
Driver info: driver.version: unknown</error><system-err>no such element: Unable to locate element: {"method":"xpath","selector":"//input[@id='search']"}
  (Session info: chrome=131.0.6778.109)
For documentation on this error, please visit: https://www.seleniumhq.org/exceptions/no_such_element.html
Build info: version: '3.141.59', revision: 'e82be7d358', time: '2018-11-14T08:17:03'
System info: host: 'BOG-94Q5TQ3', ip: '192.168.10.23', os.name: 'Windows 10', os.arch: 'amd64', os.version: '10.0', java.version: '11.0.19'
Driver info: org.openqa.selenium.chrome.ChromeDriver
Capabilities {acceptInsecureCerts: false, browserName: chrome, browserVersion: 131.0.6778.109, chrome: {chromedriverVersion: 131.0.6778.108 (3b014839fbc..., userDataDir: C:\Users\cescobas\AppData\L...}, fedcm:accounts: true, goog:chromeOptions: {debuggerAddress: localhost:58793}, javascriptEnabled: true, networkConnectionEnabled: false, pageLoadStrategy: normal, platform: WINDOWS, platformName: WINDOWS, proxy: Proxy(), setWindowRect: true, strictFileInteractability: false, timeouts: {implicit: 0, pageLoad: 300000, script: 30000}, unhandledPromptBehavior: dismiss and notify, webauthn:extension:credBlob: true, webauthn:extension:largeBlob: true, webauthn:extension:minPinLength: true, webauthn:extension:prf: true, webauthn:virtualAuthenticators: true}
Session ID: 71117da0e651ca716c161d8f1a12de40
*** Element info: {Using=xpath, value=//input[@id='search']}
For documentation on this error, please visit: https://www.seleniumhq.org/exceptions/no_such_element.html
Build info: version: '3.141.59', revision: 'e82be7d358', time: '2018-11-14T08:17:03'
System info: host: 'BOG-94Q5TQ3', ip: '192.168.10.23', os.name: 'Windows 10', os.arch: 'amd64', os.version: '10.0', java.version: '11.0.19'
Driver info: driver.version: unknown&#13;
pages.HomePageYoutube.ingresarNombreVideo(HomePageYoutube.java:20)&#13;
steps.busqueda_youtube_stp.BusquedaYoutubeStps.realizarBusqueda(BusquedaYoutubeStps.java:14)&#13;
defintions.BusquedaYtDefinitons.queElUsuarioRealizaLaBusquedaDeUnVideo(BusquedaYtDefinitons.java:17)&#13;
✽.que el usuario realiza la busqueda de un video "Master of Puppets (Remastered)"(src/test/resources/features/prueba_yotube.feature:5)&#13;
</system-err></testcase></testsuite>